C51 COMPILER V9.00   DELAY_12M                                                             12/15/2017 18:39:34 PAGE 1   


C51 COMPILER V9.00, COMPILATION OF MODULE DELAY_12M
OBJECT MODULE PLACED IN Delay_12M.OBJ
COMPILER INVOKED BY: C:\Keil\C51\BIN\C51.EXE Delay_12M.c LARGE BROWSE DEBUG OBJECTEXTEND

line level    source

   1          
   2           //20161126.201824      
   3          
   4          #include "reg52.h"
   5          #include "Delay_12M.h"
   6          #include  <INTRINS.H> //Keil library  
   7          
   8          
   9          /*------------------------------------------------
  10           晶振24M，1T单片机
  11          ------------------------------------------------*/
  12          #if 1
  13          void DelayUs2x(unsigned char t)
  14          {   
  15   1              unsigned int i;
  16   1              i =t * 1;
  17   1              do{
  18   2                      for( t = 0; t < 5; t++ );
  19   2                      i--;
  20   2              }while(i);
  21   1      }
  22          #endif
  23          
  24          
  25          /*------------------------------------------------
  26           晶振12M，1T单片机
  27          ------------------------------------------------*/
  28          #if 0
              void DelayUs2x(unsigned char t)
              {   
                      unsigned int i;
                      i =t * 2;
                      do{
                              //_nop_();       
                              //t++;          t--;
                              i--;
                      }while(i);
              }
              #endif
  40          
  41          
  42          /*------------------------------------------------
  43           晶振12M，12T单片机   大致延时长度如下 T=tx2+5 uS 
  44          ------------------------------------------------*/
  45          #if 0
              void DelayUs2x(unsigned char t)
              {   
                       while(--t);
              }
              #endif
  51          
  52          
  53          /*------------------------------------------------
  54           晶振33M，1T单片机
  55          ------------------------------------------------*/
C51 COMPILER V9.00   DELAY_12M                                                             12/15/2017 18:39:34 PAGE 2   

  56          #if 0
              void DelayUs2x(unsigned char t)
              {
                      unsigned int i = 5 * t;
              
                      while(--i);
              }
              #endif
  64          
  65          
  66          
  67          
  68          //==========================================================
  69          
  70          
  71          
  72          /*------------------------------------------------
  73           mS延时函数，含有输入参数 unsigned char t，无返回值
  74           unsigned char 是定义无符号字符变量，其值的范围是
  75           0~255 这里使用晶振12M，精确延时请使用汇编
  76          ------------------------------------------------*/
  77          void DelayMs_small(unsigned char t)
  78          {
  79   1       while(t--)
  80   1       {
  81   2           //大致延时1mS
  82   2           DelayUs2x(245);
  83   2               DelayUs2x(245);
  84   2       }
  85   1      }
  86          
  87          
  88          void DelayMs(unsigned int t)
  89          {
  90   1              char i,j;
  91   1      
  92   1              i = t / 251;
  93   1              j = t % 251;
  94   1      
  95   1              while(i--)
  96   1              {
  97   2                      DelayMs_small(251);
  98   2              }
  99   1      
 100   1              DelayMs_small(j);
 101   1      }
 102          
 103          
 104          
 105          //作用：秒延时函数 
 106          #if 1
 107          void DelayS(unsigned char t)
 108          {
 109   1       while(t--)
 110   1       {
 111   2              DelayMs(250);
 112   2              DelayMs(250);
 113   2              DelayMs(250);
 114   2              DelayMs(250);
 115   2       }
 116   1      }
 117          #endif
C51 COMPILER V9.00   DELAY_12M                                                             12/15/2017 18:39:34 PAGE 3   

 118          
 119          


MODULE INFORMATION:   STATIC OVERLAYABLE
   CODE SIZE        =    120    ----
   CONSTANT SIZE    =   ----    ----
   XDATA SIZE       =   ----       1
   PDATA SIZE       =   ----    ----
   DATA SIZE        =   ----    ----
   IDATA SIZE       =   ----    ----
   BIT SIZE         =   ----    ----
END OF MODULE INFORMATION.


C51 COMPILATION COMPLETE.  0 WARNING(S),  0 ERROR(S)
